<?xml version="1.0" encoding="UTF-8"?>
<!-- Generated by org.testng.reporters.JUnitReportReporter -->
<testsuite name="testcases.TC_001" tests="1" time="15.624" ignored="0" failures="0" timestamp="09 Mar 2021 17:09:51 GMT" skipped="0" hostname="LTIN120789" errors="0">
  <testcase name="startdriverinstance" time="15.624" classname="testcases.TC_001"/>
</testsuite> <!-- testcases.TC_001 -->
