<?xml version="1.0" encoding="UTF-8"?>
<!-- Generated by org.testng.reporters.JUnitReportReporter -->
<testsuite name="testcases.TC_002" tests="1" time="13.851" ignored="0" failures="0" timestamp="09 Mar 2021 17:09:51 GMT" skipped="0" hostname="LTIN120789" errors="0">
  <testcase name="startdriverinstance" time="13.851" classname="testcases.TC_002"/>
</testsuite> <!-- testcases.TC_002 -->
